Traceback (most recent call last):
  File "/usr/local/python/3.12.1/lib/python3.12/site-packages/jupyter_cache/executors/utils.py", line 58, in single_nb_execution
    executenb(
  File "/home/codespace/.local/lib/python3.12/site-packages/nbclient/client.py", line 1319, in execute
    return NotebookClient(nb=nb, resources=resources, km=km, **kwargs).execute()
           ^^^^^^^^^^^^^^^^^^^^^^^^^^^^^^^^^^^^^^^^^^^^^^^^^^^^^^^^^^^^^^^^^^^^^
  File "/home/codespace/.local/lib/python3.12/site-packages/jupyter_core/utils/__init__.py", line 165, in wrapped
    return loop.run_until_complete(inner)
           ^^^^^^^^^^^^^^^^^^^^^^^^^^^^^^
  File "/usr/local/python/3.12.1/lib/python3.12/asyncio/base_events.py", line 684, in run_until_complete
    return future.result()
           ^^^^^^^^^^^^^^^
  File "/home/codespace/.local/lib/python3.12/site-packages/nbclient/client.py", line 709, in async_execute
    await self.async_execute_cell(
  File "/home/codespace/.local/lib/python3.12/site-packages/nbclient/client.py", line 1062, in async_execute_cell
    await self._check_raise_for_error(cell, cell_index, exec_reply)
  File "/home/codespace/.local/lib/python3.12/site-packages/nbclient/client.py", line 918, in _check_raise_for_error
    raise CellExecutionError.from_cell_and_msg(cell, exec_reply_content)
nbclient.exceptions.CellExecutionError: An error occurred while executing the following cell:
------------------
import pandas as pd
import numpy as np

data = {
"id":[1,2,3,4,5,6,7,8,9,10,11,12,13,14,15],
"heart_rate":[0.314,0.433,0.265,0.538,0.393,0.207,0.633,0.445,0.370,0.488,0.338,0.429,0.594,0.239,0.416],
"step_count":[0.424,0.587,0.349,0.640,0.508,0.300,0.614,np.nan,0.454,0.564,0.363,0.515,0.626,0.323,0.471],
"sleep_hours":[0.510,0.481,0.563,0.448,0.488,0.626,0.377,0.478,0.555,0.431,0.510,0.578,0.400,0.617,0.501],
"calories_burned":[0.362,0.517,0.322,0.578,0.415,0.247,0.633,0.494,0.417,0.531,0.376,0.488,0.587,0.279,0.440],
"activity_type":["Walking","Running","Cycling","Running","Walking","Resting","Running","Walking","Cycling","Running","Walking","Cycling","Running","Resting",np.nan]}

df = pd.DataFrame(data)
print(df)
------------------


[31m---------------------------------------------------------------------------[39m
[31mModuleNotFoundError[39m                       Traceback (most recent call last)
[36mCell[39m[36m [39m[32mIn[1][39m[32m, line 1[39m
[32m----> [39m[32m1[39m [38;5;28;01mimport[39;00m[38;5;250m [39m[34;01mpandas[39;00m[38;5;250m [39m[38;5;28;01mas[39;00m[38;5;250m [39m[34;01mpd[39;00m
[32m      2[39m [38;5;28;01mimport[39;00m[38;5;250m [39m[34;01mnumpy[39;00m[38;5;250m [39m[38;5;28;01mas[39;00m[38;5;250m [39m[34;01mnp[39;00m
[32m      4[39m data = {
[32m      5[39m [33m"[39m[33mid[39m[33m"[39m:[[32m1[39m,[32m2[39m,[32m3[39m,[32m4[39m,[32m5[39m,[32m6[39m,[32m7[39m,[32m8[39m,[32m9[39m,[32m10[39m,[32m11[39m,[32m12[39m,[32m13[39m,[32m14[39m,[32m15[39m],
[32m      6[39m [33m"[39m[33mheart_rate[39m[33m"[39m:[[32m0.314[39m,[32m0.433[39m,[32m0.265[39m,[32m0.538[39m,[32m0.393[39m,[32m0.207[39m,[32m0.633[39m,[32m0.445[39m,[32m0.370[39m,[32m0.488[39m,[32m0.338[39m,[32m0.429[39m,[32m0.594[39m,[32m0.239[39m,[32m0.416[39m],
[32m   (...)[39m[32m      9[39m [33m"[39m[33mcalories_burned[39m[33m"[39m:[[32m0.362[39m,[32m0.517[39m,[32m0.322[39m,[32m0.578[39m,[32m0.415[39m,[32m0.247[39m,[32m0.633[39m,[32m0.494[39m,[32m0.417[39m,[32m0.531[39m,[32m0.376[39m,[32m0.488[39m,[32m0.587[39m,[32m0.279[39m,[32m0.440[39m],
[32m     10[39m [33m"[39m[33mactivity_type[39m[33m"[39m:[[33m"[39m[33mWalking[39m[33m"[39m,[33m"[39m[33mRunning[39m[33m"[39m,[33m"[39m[33mCycling[39m[33m"[39m,[33m"[39m[33mRunning[39m[33m"[39m,[33m"[39m[33mWalking[39m[33m"[39m,[33m"[39m[33mResting[39m[33m"[39m,[33m"[39m[33mRunning[39m[33m"[39m,[33m"[39m[33mWalking[39m[33m"[39m,[33m"[39m[33mCycling[39m[33m"[39m,[33m"[39m[33mRunning[39m[33m"[39m,[33m"[39m[33mWalking[39m[33m"[39m,[33m"[39m[33mCycling[39m[33m"[39m,[33m"[39m[33mRunning[39m[33m"[39m,[33m"[39m[33mResting[39m[33m"[39m,np.nan]}

[31mModuleNotFoundError[39m: No module named 'pandas'

